<?xml version="1.0" encoding="UTF-8"?>
<!-- Generated by org.testng.reporters.JUnitReportReporter -->
<testsuite hostname="Eg-AAref" failures="0" tests="1" name="tests.Tests" time="27.815" errors="0" timestamp="17 Sep 2019 08:57:19 GMT" skipped="0">
  <testcase classname="tests.Tests" name="CreateNewDonationPageTest" time="27.815"/>
</testsuite> <!-- tests.Tests -->
