<?xml version="1.0" encoding="UTF-8"?>
<!-- Generated by org.testng.reporters.JUnitReportReporter -->
<testsuite hostname="Eg-AAref" failures="0" tests="1" name="tests.Tests" time="67.216" errors="0" timestamp="29 Sep 2019 14:44:56 GMT" skipped="0">
  <testcase classname="tests.Tests" name="CreateNewDonationPageTest" time="67.216"/>
</testsuite> <!-- tests.Tests -->
