<?xml version="1.0" encoding="UTF-8"?>
<!-- Generated by org.testng.reporters.JUnitReportReporter -->
<testsuite hostname="Eg-AAref" failures="0" tests="1" name="tests.Tests" time="62.216" errors="0" timestamp="26 Sep 2019 09:05:06 GMT" skipped="0">
  <testcase classname="tests.Tests" name="CreateNewDonationPageTest" time="62.216"/>
</testsuite> <!-- tests.Tests -->
