<?xml version="1.0" encoding="UTF-8"?>
<!-- Generated by org.testng.reporters.JUnitReportReporter -->
<testsuite hostname="Eg-AAref" failures="0" tests="1" name="tests.Tests" time="67.668" errors="0" timestamp="22 Sep 2019 08:52:27 GMT" skipped="0">
  <testcase classname="tests.Tests" name="CreateNewDonationPageTest" time="67.668"/>
</testsuite> <!-- tests.Tests -->
