<?xml version="1.0" encoding="UTF-8"?>
<!-- Generated by org.testng.reporters.JUnitReportReporter -->
<testsuite hostname="Eg-AAref" failures="0" tests="1" name="tests.Tests" time="20.055" errors="0" timestamp="16 Sep 2019 11:38:14 GMT" skipped="0">
  <testcase classname="tests.Tests" name="CreateNewDonationPageTest" time="20.055"/>
</testsuite> <!-- tests.Tests -->
