<?xml version="1.0" encoding="UTF-8"?>
<!-- Generated by org.testng.reporters.JUnitReportReporter -->
<testsuite hostname="Eg-AAref" failures="0" tests="1" name="tests.Tests" time="3.860" errors="0" timestamp="07 Sep 2019 15:34:19 GMT" skipped="0">
  <testcase classname="tests.Tests" name="navigateToGoogleTest" time="3.860"/>
</testsuite> <!-- tests.Tests -->
