<?xml version="1.0" encoding="UTF-8"?>
<!-- Generated by org.testng.reporters.JUnitReportReporter -->
<testsuite hostname="Eg-AAref" failures="0" tests="1" name="tests.Tests" time="19.630" errors="0" timestamp="11 Sep 2019 15:17:24 GMT" skipped="0">
  <testcase classname="tests.Tests" name="CreateNewDonationPageTest" time="19.630"/>
</testsuite> <!-- tests.Tests -->
