<?xml version="1.0" encoding="UTF-8"?>
<!-- Generated by org.testng.reporters.JUnitReportReporter -->
<testsuite hostname="Eg-AAref" failures="0" tests="1" name="tests.Tests" time="68.178" errors="0" timestamp="30 Sep 2019 09:12:31 GMT" skipped="0">
  <testcase classname="tests.Tests" name="CreateNewDonationPageTest" time="68.178"/>
</testsuite> <!-- tests.Tests -->
