<?xml version="1.0" encoding="UTF-8"?>
<!-- Generated by org.testng.reporters.JUnitReportReporter -->
<testsuite hostname="Eg-AAref" failures="0" tests="1" name="tests.Tests" time="18.086" errors="0" timestamp="16 Sep 2019 12:06:10 GMT" skipped="0">
  <testcase classname="tests.Tests" name="CreateNewDonationPageTest" time="18.086"/>
</testsuite> <!-- tests.Tests -->
